<?xml version="1.0" encoding="UTF-8"?>
<testng-results ignored="0" total="1" passed="1" failed="0" skipped="0">
  <reporter-output>
  </reporter-output>
  <suite started-at="2026-02-20T15:43:15 IST" name="Default suite" finished-at="2026-02-20T15:43:24 IST" duration-ms="9035">
    <groups>
    </groups>
    <test started-at="2026-02-20T15:43:15 IST" name="Default test" finished-at="2026-02-20T15:43:24 IST" duration-ms="9035">
      <class name="testCases.LoginTest">
        <test-method is-config="true" signature="login()[pri:0, instance:testCases.LoginTest@3349e9bb]" started-at="2026-02-20T15:43:15 IST" name="login" finished-at="2026-02-20T15:43:22 IST" duration-ms="7192" status="PASS">
          <reporter-output>
          </reporter-output>
        </test-method> <!-- login -->
        <test-method signature="openapp()[pri:0, instance:testCases.LoginTest@3349e9bb]" started-at="2026-02-20T15:43:22 IST" name="openapp" finished-at="2026-02-20T15:43:24 IST" duration-ms="1471" status="PASS">
          <reporter-output>
          </reporter-output>
        </test-method> <!-- openapp -->
        <test-method is-config="true" signature="logout()[pri:0, instance:testCases.LoginTest@3349e9bb]" started-at="2026-02-20T15:43:24 IST" name="logout" finished-at="2026-02-20T15:43:24 IST" duration-ms="327" status="PASS">
          <reporter-output>
          </reporter-output>
        </test-method> <!-- logout -->
      </class> <!-- testCases.LoginTest -->
    </test> <!-- Default test -->
  </suite> <!-- Default suite -->
</testng-results>
